<?xml version="1.0" encoding="UTF-8"?>
<testsuite name="com.example.springboot.web.IndexControllerTest" tests="1" skipped="0" failures="0" errors="0" timestamp="2020-02-10T06:34:13" hostname="gram" time="0.331">
  <properties/>
  <testcase name="메인페이지_로딩" classname="com.example.springboot.web.IndexControllerTest" time="0.331"/>
  <system-out><![CDATA[2020-02-10 15:34:07.968  INFO 17695 --- [    Test worker] .b.t.c.SpringBootTestContextBootstrapper : Neither @ContextConfiguration nor @ContextHierarchy found for test class [com.example.springboot.web.IndexControllerTest], using SpringBootContextLoader
2020-02-10 15:34:07.969  INFO 17695 --- [    Test worker] o.s.t.c.support.AbstractContextLoader    : Could not detect default resource locations for test class [com.example.springboot.web.IndexControllerTest]: no resource found for suffixes {-context.xml, Context.groovy}.
2020-02-10 15:34:07.970  INFO 17695 --- [    Test worker] t.c.s.AnnotationConfigContextLoaderUtils : Could not detect default configuration classes for test class [com.example.springboot.web.IndexControllerTest]: IndexControllerTest does not declare any static, non-private, non-final, nested classes annotated with @Configuration.
2020-02-10 15:34:07.973  INFO 17695 --- [    Test worker] .b.t.c.SpringBootTestContextBootstrapper : Found @SpringBootConfiguration com.example.springboot.Application for test class com.example.springboot.web.IndexControllerTest
2020-02-10 15:34:07.975  INFO 17695 --- [    Test worker] .b.t.c.SpringBootTestContextBootstrapper : Loaded default TestExecutionListener class names from location [META-INF/spring.factories]: [org.springframework.security.test.context.support.WithSecurityContextTestExecutionListener, org.springframework.security.test.context.support.ReactorContextTestExecutionListener, org.springframework.boot.test.autoconfigure.restdocs.RestDocsTestExecutionListener, org.springframework.boot.test.autoconfigure.web.client.MockRestServiceServerResetTestExecutionListener, org.springframework.boot.test.autoconfigure.web.servlet.MockMvcPrintOnlyOnFailureTestExecutionListener, org.springframework.boot.test.autoconfigure.web.servlet.WebDriverTestExecutionListener, org.springframework.boot.test.mock.mockito.MockitoTestExecutionListener, org.springframework.boot.test.mock.mockito.ResetMocksTestExecutionListener, org.springframework.test.context.web.ServletTestExecutionListener, org.springframework.test.context.support.DirtiesContextBeforeModesTestExecutionListener, org.springframework.test.context.support.DependencyInjectionTestExecutionListener, org.springframework.test.context.support.DirtiesContextTestExecutionListener, org.springframework.test.context.transaction.TransactionalTestExecutionListener, org.springframework.test.context.jdbc.SqlScriptsTestExecutionListener]
2020-02-10 15:34:07.977  INFO 17695 --- [    Test worker] .b.t.c.SpringBootTestContextBootstrapper : Using TestExecutionListeners: [org.springframework.test.context.web.ServletTestExecutionListener@63fabc0e, org.springframework.test.context.support.DirtiesContextBeforeModesTestExecutionListener@6f0b1b57, org.springframework.boot.test.mock.mockito.MockitoTestExecutionListener@3d2a160b, org.springframework.boot.test.autoconfigure.SpringBootDependencyInjectionTestExecutionListener@7bc103ab, org.springframework.test.context.support.DirtiesContextTestExecutionListener@4dedca11, org.springframework.test.context.transaction.TransactionalTestExecutionListener@7a0ba158, org.springframework.test.context.jdbc.SqlScriptsTestExecutionListener@17fc6a5c, org.springframework.security.test.context.support.WithSecurityContextTestExecutionListener@64d3ff53, org.springframework.security.test.context.support.ReactorContextTestExecutionListener@47cd0c9a, org.springframework.boot.test.autoconfigure.restdocs.RestDocsTestExecutionListener@606b745a, org.springframework.boot.test.autoconfigure.web.client.MockRestServiceServerResetTestExecutionListener@14b15c81, org.springframework.boot.test.autoconfigure.web.servlet.MockMvcPrintOnlyOnFailureTestExecutionListener@6f631023, org.springframework.boot.test.autoconfigure.web.servlet.WebDriverTestExecutionListener@40657889, org.springframework.boot.test.mock.mockito.ResetMocksTestExecutionListener@7b971d7b]

  .   ____          _            __ _ _
 /\\ / ___'_ __ _ _(_)_ __  __ _ \ \ \ \
( ( )\___ | '_ | '_| | '_ \/ _` | \ \ \ \
 \\/  ___)| |_)| | | | | || (_| |  ) ) ) )
  '  |____| .__|_| |_|_| |_\__, | / / / /
 =========|_|==============|___/=/_/_/_/
 :: Spring Boot ::        (v2.1.9.RELEASE)

2020-02-10 15:34:08.021  INFO 17695 --- [    Test worker] c.e.springboot.web.IndexControllerTest   : Starting IndexControllerTest on gram with PID 17695 (started by swucs in /home/swucs/IdeaProjects/springboot2)
2020-02-10 15:34:08.022  INFO 17695 --- [    Test worker] c.e.springboot.web.IndexControllerTest   : No active profile set, falling back to default profiles: default
2020-02-10 15:34:08.484  INFO 17695 --- [    Test worker] .s.d.r.c.RepositoryConfigurationDelegate : Bootstrapping Spring Data repositories in DEFAULT mode.
2020-02-10 15:34:08.567  INFO 17695 --- [    Test worker] .s.d.r.c.RepositoryConfigurationDelegate : Finished Spring Data repository scanning in 74ms. Found 2 repository interfaces.
2020-02-10 15:34:08.957  INFO 17695 --- [    Test worker] trationDelegate$BeanPostProcessorChecker : Bean 'org.springframework.transaction.annotation.ProxyTransactionManagementConfiguration' of type [org.springframework.transaction.annotation.ProxyTransactionManagementConfiguration$$EnhancerBySpringCGLIB$$52f142a6] is not eligible for getting processed by all BeanPostProcessors (for example: not eligible for auto-proxying)
2020-02-10 15:34:09.362  INFO 17695 --- [    Test worker] o.s.b.w.embedded.tomcat.TomcatWebServer  : Tomcat initialized with port(s): 0 (http)
2020-02-10 15:34:09.416  INFO 17695 --- [    Test worker] o.apache.catalina.core.StandardService   : Starting service [Tomcat]
2020-02-10 15:34:09.417  INFO 17695 --- [    Test worker] org.apache.catalina.core.StandardEngine  : Starting Servlet engine: [Apache Tomcat/9.0.26]
2020-02-10 15:34:09.614  INFO 17695 --- [    Test worker] o.a.c.c.C.[Tomcat].[localhost].[/]       : Initializing Spring embedded WebApplicationContext
2020-02-10 15:34:09.614  INFO 17695 --- [    Test worker] o.s.web.context.ContextLoader            : Root WebApplicationContext: initialization completed in 1590 ms
2020-02-10 15:34:09.933  INFO 17695 --- [    Test worker] com.zaxxer.hikari.HikariDataSource       : HikariPool-1 - Starting...
2020-02-10 15:34:10.161  INFO 17695 --- [    Test worker] com.zaxxer.hikari.HikariDataSource       : HikariPool-1 - Start completed.
2020-02-10 15:34:10.343  INFO 17695 --- [    Test worker] o.hibernate.jpa.internal.util.LogHelper  : HHH000204: Processing PersistenceUnitInfo [
	name: default
	...]
2020-02-10 15:34:10.436  INFO 17695 --- [    Test worker] org.hibernate.Version                    : HHH000412: Hibernate Core {5.3.12.Final}
2020-02-10 15:34:10.438  INFO 17695 --- [    Test worker] org.hibernate.cfg.Environment            : HHH000206: hibernate.properties not found
2020-02-10 15:34:10.484  INFO 17695 --- [    Test worker] o.hibernate.annotations.common.Version   : HCANN000001: Hibernate Commons Annotations {5.0.4.Final}
2020-02-10 15:34:10.623  INFO 17695 --- [    Test worker] org.hibernate.dialect.Dialect            : HHH000400: Using dialect: org.hibernate.dialect.MySQL5InnoDBDialect
Hibernate: drop table if exists posts
Hibernate: drop table if exists user
Hibernate: create table posts (id bigint not null auto_increment, created_date datetime, modified_date datetime, author varchar(255), content TEXT not null, title varchar(500) not null, primary key (id)) engine=InnoDB
Hibernate: create table user (id bigint not null auto_increment, created_date datetime, modified_date datetime, email varchar(255) not null, name varchar(255) not null, picture varchar(255), role varchar(255), primary key (id)) engine=InnoDB
2020-02-10 15:34:11.228  INFO 17695 --- [    Test worker] o.h.t.schema.internal.SchemaCreatorImpl  : HHH000476: Executing import script 'org.hibernate.tool.schema.internal.exec.ScriptSourceInputNonExistentImpl@445369fc'
2020-02-10 15:34:11.232  INFO 17695 --- [    Test worker] j.LocalContainerEntityManagerFactoryBean : Initialized JPA EntityManagerFactory for persistence unit 'default'
2020-02-10 15:34:12.072  INFO 17695 --- [    Test worker] o.h.h.i.QueryTranslatorFactoryInitiator  : HHH000397: Using ASTQueryTranslatorFactory
2020-02-10 15:34:12.481  INFO 17695 --- [    Test worker] o.s.s.web.DefaultSecurityFilterChain     : Creating filter chain: any request, [org.springframework.security.web.context.request.async.WebAsyncManagerIntegrationFilter@ea9808e, org.springframework.security.web.context.SecurityContextPersistenceFilter@416e3914, org.springframework.security.web.header.HeaderWriterFilter@71b857f7, org.springframework.security.web.authentication.logout.LogoutFilter@14e72fee, org.springframework.security.oauth2.client.web.OAuth2AuthorizationRequestRedirectFilter@13f007f4, org.springframework.security.oauth2.client.web.OAuth2LoginAuthenticationFilter@4f1e8b84, org.springframework.security.web.authentication.ui.DefaultLoginPageGeneratingFilter@24f114fd, org.springframework.security.web.authentication.ui.DefaultLogoutPageGeneratingFilter@3f21b629, org.springframework.security.web.savedrequest.RequestCacheAwareFilter@6cd1821f, org.springframework.security.web.servletapi.SecurityContextHolderAwareRequestFilter@5fe5679d, org.springframework.security.web.authentication.AnonymousAuthenticationFilter@7e63f394, org.springframework.security.web.session.SessionManagementFilter@61134f8b, org.springframework.security.web.access.ExceptionTranslationFilter@5d5e0997, org.springframework.security.web.access.intercept.FilterSecurityInterceptor@6f43324]
2020-02-10 15:34:12.728  INFO 17695 --- [    Test worker] o.s.s.concurrent.ThreadPoolTaskExecutor  : Initializing ExecutorService 'applicationTaskExecutor'
2020-02-10 15:34:12.750  WARN 17695 --- [    Test worker] aWebConfiguration$JpaWebMvcConfiguration : spring.jpa.open-in-view is enabled by default. Therefore, database queries may be performed during view rendering. Explicitly configure spring.jpa.open-in-view to disable this warning
2020-02-10 15:34:12.791  INFO 17695 --- [    Test worker] o.s.b.a.w.s.WelcomePageHandlerMapping    : Adding welcome page template: index
2020-02-10 15:34:13.208  INFO 17695 --- [    Test worker] s.a.ScheduledAnnotationBeanPostProcessor : No TaskScheduler/ScheduledExecutorService bean found for scheduled processing
2020-02-10 15:34:13.259  INFO 17695 --- [    Test worker] o.s.b.w.embedded.tomcat.TomcatWebServer  : Tomcat started on port(s): 34929 (http) with context path ''
2020-02-10 15:34:13.261  INFO 17695 --- [    Test worker] c.e.springboot.web.IndexControllerTest   : Started IndexControllerTest in 5.282 seconds (JVM running for 10.725)
2020-02-10 15:34:13.384  INFO 17695 --- [o-auto-1-exec-1] o.a.c.c.C.[Tomcat].[localhost].[/]       : Initializing Spring DispatcherServlet 'dispatcherServlet'
2020-02-10 15:34:13.385  INFO 17695 --- [o-auto-1-exec-1] o.s.web.servlet.DispatcherServlet        : Initializing Servlet 'dispatcherServlet'
2020-02-10 15:34:13.402  INFO 17695 --- [o-auto-1-exec-1] o.s.web.servlet.DispatcherServlet        : Completed initialization in 17 ms
Hibernate: select posts0_.id as id1_0_, posts0_.created_date as created_2_0_, posts0_.modified_date as modified3_0_, posts0_.author as author4_0_, posts0_.content as content5_0_, posts0_.title as title6_0_ from posts posts0_ order by posts0_.id DESC
body : <!DOCTYPE HTML>
<html>
<head>
    <title>스프링부트 웹서비스</title>
    <meta http-equiv="Content-Type" content="text/html; charset=UTF-8" />

    <link rel="stylesheet" href="https://stackpath.bootstrapcdn.com/bootstrap/4.3.1/css/bootstrap.min.css">
</head>
<body>


<h1>Spring Boot</h1>
<div class="col-md-12">
    <div class="row">
        <div class="col-md-6">
            <a href="/posts/save" role="button" class="btn btn-primary">글등록</a>

                <a href="/oauth2/authorization/google" class="btn btn-success active" role="button">Google Login</a>

                <a href="/oauth2/authorization/naver" class="btn btn-secondary active" role="button">Naver Login</a>
        </div>
    </div>
    <br/>

    <table class="table table-horizontal table-bordered">
        <thead class="thead-strong">
        <tr>
            <th>게시글번호</th>
            <th>제목</th>
            <th>작성자</th>
            <th>최종수정일</th>
        </tr>
        </thead>
        <tbody>
        </tbody>
    </table>
</div>


<script src="https://code.jquery.com/jquery-3.3.1.min.js"></script>
<script src="https://stackpath.bootstrapcdn.com/bootstrap/4.3.1/js/bootstrap.min.js"></script>

<!--index.js 추가-->
<script src="/js/app/index.js"></script>
</body>
</html>
]]></system-out>
  <system-err><![CDATA[]]></system-err>
</testsuite>
